<?xml version="1.0" encoding="UTF-8"?>
<testsuite errors="0" failures="0" name="Adding a new Todo Item" tests="1" time="10.726420">
<testcase classname="Adding a new Todo Item.Adding a new Item" name="Adding a new Item" time="10.726420">
</testcase>
</testsuite>
